[debug] [2025-01-27T13:37:13.710Z] ----------------------------------------------------------------------
[debug] [2025-01-27T13:37:13.712Z] Command:       C:\Program Files\nodejs\node.exe C:\Users\paulc\AppData\Roaming\npm\node_modules\firebase-tools\lib\bin\firebase.js init functions
[debug] [2025-01-27T13:37:13.713Z] CLI Version:   13.22.0
[debug] [2025-01-27T13:37:13.713Z] Platform:      win32
[debug] [2025-01-27T13:37:13.713Z] Node Version:  v22.13.1
[debug] [2025-01-27T13:37:13.713Z] Time:          Mon Jan 27 2025 21:37:13 GMT+0800 (Singapore Standard Time)
[debug] [2025-01-27T13:37:13.713Z] ----------------------------------------------------------------------
[debug] 
[debug] [2025-01-27T13:37:13.719Z] > command requires scopes: ["email","openid","https://www.googleapis.com/auth/cloudplatformprojects.readonly","https://www.googleapis.com/auth/firebase","https://www.googleapis.com/auth/cloud-platform"]
[debug] [2025-01-27T13:37:13.719Z] > authorizing via signed-in user (paulcorsino28@gmail.com)
[info] 
     ######## #### ########  ######## ########     ###     ######  ########
     ##        ##  ##     ## ##       ##     ##  ##   ##  ##       ##
     ######    ##  ########  ######   ########  #########  ######  ######
     ##        ##  ##    ##  ##       ##     ## ##     ##       ## ##
     ##       #### ##     ## ######## ########  ##     ##  ######  ########

You're about to initialize a Firebase project in this directory:

  C:\Projects\genchat\public

Before we get started, keep in mind:

  * You are currently outside your home directory

[info] 
=== Project Setup
[info] 
[info] First, let's associate this project directory with a Firebase project.
[info] You can create multiple project aliases by running firebase use --add, 
[info] but for now we'll just set up a default project.
[info] 
[debug] [2025-01-27T13:37:23.422Z] Checked if tokens are valid: false, expires at: 1728724630809
[debug] [2025-01-27T13:37:23.422Z] Checked if tokens are valid: false, expires at: 1728724630809
[debug] [2025-01-27T13:37:23.422Z] > refreshing access token with scopes: []
[debug] [2025-01-27T13:37:23.423Z] >>> [apiv2][query] POST https://www.googleapis.com/oauth2/v3/token [none]
[debug] [2025-01-27T13:37:23.423Z] >>> [apiv2][body] POST https://www.googleapis.com/oauth2/v3/token [omitted]
[debug] [2025-01-27T13:37:23.634Z] <<< [apiv2][status] POST https://www.googleapis.com/oauth2/v3/token 400
[debug] [2025-01-27T13:37:23.635Z] <<< [apiv2][body] POST https://www.googleapis.com/oauth2/v3/token [omitted]
[debug] [2025-01-27T13:37:23.635Z] >>> [apiv2][query] GET https://firebase.googleapis.com/v1beta1/projects pageSize=100
[debug] [2025-01-27T13:37:23.798Z] <<< [apiv2][status] GET https://firebase.googleapis.com/v1beta1/projects 401
[debug] [2025-01-27T13:37:23.798Z] <<< [apiv2][body] GET https://firebase.googleapis.com/v1beta1/projects [omitted]
[debug] [2025-01-27T13:37:23.798Z] Got a 401 Unauthenticated error for a call that required authentication. Refreshing tokens.
[debug] [2025-01-27T13:37:23.798Z] Checked if tokens are valid: false, expires at: 1728724630809
[debug] [2025-01-27T13:37:23.798Z] Checked if tokens are valid: false, expires at: 1728724630809
[debug] [2025-01-27T13:37:23.798Z] > refreshing access token with scopes: []
[debug] [2025-01-27T13:37:23.799Z] >>> [apiv2][query] POST https://www.googleapis.com/oauth2/v3/token [none]
[debug] [2025-01-27T13:37:23.799Z] >>> [apiv2][body] POST https://www.googleapis.com/oauth2/v3/token [omitted]
[debug] [2025-01-27T13:37:23.873Z] <<< [apiv2][status] POST https://www.googleapis.com/oauth2/v3/token 400
[debug] [2025-01-27T13:37:23.874Z] <<< [apiv2][body] POST https://www.googleapis.com/oauth2/v3/token [omitted]
[debug] [2025-01-27T13:37:23.874Z] HTTP Error: 401, Request had invalid authentication credentials. Expected OAuth 2 access token, login cookie or other valid authentication credential. See https://developers.google.com/identity/sign-in/web/devconsole-project.
[debug] [2025-01-27T13:37:24.013Z] FirebaseError: HTTP Error: 401, Request had invalid authentication credentials. Expected OAuth 2 access token, login cookie or other valid authentication credential. See https://developers.google.com/identity/sign-in/web/devconsole-project.
    at responseToError (C:\Users\paulc\AppData\Roaming\npm\node_modules\firebase-tools\lib\responseToError.js:49:12)
    at RetryOperation._fn (C:\Users\paulc\AppData\Roaming\npm\node_modules\firebase-tools\lib\apiv2.js:312:77)
    at process.processTicksAndRejections (node:internal/process/task_queues:105:5)
[error] 
[error] Error: Failed to list Firebase projects. See firebase-debug.log for more info.
